Copyright 1986-2020 Xilinx, Inc. All Rights Reserved.
------------------------------------------------------------------------------------
| Tool Version : Vivado v.2020.2 (lin64) Build 3064766 Wed Nov 18 09:12:47 MST 2020
| Date         : Wed Dec 15 11:24:06 2021
| Host         : Jabberwock running 64-bit Ubuntu 18.04.4 LTS
| Command      : report_utilization -file ./crc32_1024.rpt
| Design       : crc32_1024_top
| Device       : xczu3egsbva484-1
| Design State : Routed
------------------------------------------------------------------------------------

Utilization Design Information

Table of Contents
-----------------
1. CLB Logic
1.1 Summary of Registers by Type
2. CLB Logic Distribution
3. BLOCKRAM
4. ARITHMETIC
5. I/O
6. CLOCK
7. ADVANCED
8. CONFIGURATION
9. Primitives
10. Black Boxes
11. Instantiated Netlists

1. CLB Logic
------------

+-------------------------+------+-------+-----------+-------+
|        Site Type        | Used | Fixed | Available | Util% |
+-------------------------+------+-------+-----------+-------+
| CLB LUTs                | 2396 |     0 |     70560 |  3.40 |
|   LUT as Logic          | 2396 |     0 |     70560 |  3.40 |
|   LUT as Memory         |    0 |     0 |     28800 |  0.00 |
| CLB Registers           | 1229 |     0 |    141120 |  0.87 |
|   Register as Flip Flop | 1229 |     0 |    141120 |  0.87 |
|   Register as Latch     |    0 |     0 |    141120 |  0.00 |
| CARRY8                  |    0 |     0 |      8820 |  0.00 |
| F7 Muxes                |    0 |     0 |     35280 |  0.00 |
| F8 Muxes                |    0 |     0 |     17640 |  0.00 |
| F9 Muxes                |    0 |     0 |      8820 |  0.00 |
+-------------------------+------+-------+-----------+-------+


1.1 Summary of Registers by Type
--------------------------------

+-------+--------------+-------------+--------------+
| Total | Clock Enable | Synchronous | Asynchronous |
+-------+--------------+-------------+--------------+
| 0     |            _ |           - |            - |
| 0     |            _ |           - |          Set |
| 0     |            _ |           - |        Reset |
| 0     |            _ |         Set |            - |
| 0     |            _ |       Reset |            - |
| 0     |          Yes |           - |            - |
| 65    |          Yes |           - |          Set |
| 1164  |          Yes |           - |        Reset |
| 0     |          Yes |         Set |            - |
| 0     |          Yes |       Reset |            - |
+-------+--------------+-------------+--------------+


2. CLB Logic Distribution
-------------------------

+--------------------------------------------+------+-------+-----------+-------+
|                  Site Type                 | Used | Fixed | Available | Util% |
+--------------------------------------------+------+-------+-----------+-------+
| CLB                                        |  333 |     0 |      8820 |  3.78 |
|   CLBL                                     |  146 |     0 |           |       |
|   CLBM                                     |  187 |     0 |           |       |
| LUT as Logic                               | 2396 |     0 |     70560 |  3.40 |
|   using O5 output only                     |    4 |       |           |       |
|   using O6 output only                     | 2036 |       |           |       |
|   using O5 and O6                          |  356 |       |           |       |
| LUT as Memory                              |    0 |     0 |     28800 |  0.00 |
|   LUT as Distributed RAM                   |    0 |     0 |           |       |
|   LUT as Shift Register                    |    0 |     0 |           |       |
| CLB Registers                              | 1229 |     0 |    141120 |  0.87 |
|   Register driven from within the CLB      |  184 |       |           |       |
|   Register driven from outside the CLB     | 1045 |       |           |       |
|     LUT in front of the register is unused |   25 |       |           |       |
|     LUT in front of the register is used   | 1020 |       |           |       |
| Unique Control Sets                        |  131 |       |     17640 |  0.74 |
+--------------------------------------------+------+-------+-----------+-------+
* * Note: Available Control Sets calculated as Slices * 2, Review the Control Sets Report for more information regarding control sets.


3. BLOCKRAM
-----------

+----------------+------+-------+-----------+-------+
|    Site Type   | Used | Fixed | Available | Util% |
+----------------+------+-------+-----------+-------+
| Block RAM Tile |    0 |     0 |       216 |  0.00 |
|   RAMB36/FIFO* |    0 |     0 |       216 |  0.00 |
|   RAMB18       |    0 |     0 |       432 |  0.00 |
+----------------+------+-------+-----------+-------+
* Note: Each Block RAM Tile only has one FIFO logic available and therefore can accommodate only one FIFO36E2 or one FIFO18E2. However, if a FIFO18E2 occupies a Block RAM Tile, that tile can still accommodate a RAMB18E2


4. ARITHMETIC
-------------

+-----------+------+-------+-----------+-------+
| Site Type | Used | Fixed | Available | Util% |
+-----------+------+-------+-----------+-------+
| DSPs      |    0 |     0 |       360 |  0.00 |
+-----------+------+-------+-----------+-------+


5. I/O
------

+------------------+------+-------+-----------+-------+
|     Site Type    | Used | Fixed | Available | Util% |
+------------------+------+-------+-----------+-------+
| Bonded IOB       |   45 |     0 |        82 | 54.88 |
| HPIOB_M          |   22 |     0 |        26 | 84.62 |
|   INPUT          |    5 |       |           |       |
|   OUTPUT         |   17 |       |           |       |
|   BIDIR          |    0 |       |           |       |
| HPIOB_S          |   22 |     0 |        26 | 84.62 |
|   INPUT          |    6 |       |           |       |
|   OUTPUT         |   16 |       |           |       |
|   BIDIR          |    0 |       |           |       |
| HDIOB_M          |    0 |     0 |        12 |  0.00 |
| HDIOB_S          |    0 |     0 |        12 |  0.00 |
| HPIOB_SNGL       |    1 |     0 |         6 | 16.67 |
|   INPUT          |    1 |       |           |       |
|   OUTPUT         |    0 |       |           |       |
|   BIDIR          |    0 |       |           |       |
| HPIOBDIFFINBUF   |    0 |     0 |        72 |  0.00 |
| HPIOBDIFFOUTBUF  |    0 |     0 |        72 |  0.00 |
| HDIOBDIFFINBUF   |    0 |     0 |        48 |  0.00 |
| BITSLICE_CONTROL |    0 |     0 |        24 |  0.00 |
| BITSLICE_RX_TX   |    0 |     0 |       156 |  0.00 |
| BITSLICE_TX      |    0 |     0 |        24 |  0.00 |
| RIU_OR           |    0 |     0 |        12 |  0.00 |
+------------------+------+-------+-----------+-------+


6. CLOCK
--------

+----------------------+------+-------+-----------+-------+
|       Site Type      | Used | Fixed | Available | Util% |
+----------------------+------+-------+-----------+-------+
| GLOBAL CLOCK BUFFERs |    1 |     0 |       196 |  0.51 |
|   BUFGCE             |    1 |     0 |        88 |  1.14 |
|   BUFGCE_DIV         |    0 |     0 |        12 |  0.00 |
|   BUFG_PS            |    0 |     0 |        72 |  0.00 |
|   BUFGCTRL*          |    0 |     0 |        24 |  0.00 |
| PLL                  |    0 |     0 |         6 |  0.00 |
| MMCM                 |    0 |     0 |         3 |  0.00 |
+----------------------+------+-------+-----------+-------+
* Note: Each used BUFGCTRL counts as two GLOBAL CLOCK BUFFERs. This table does not include global clocking resources, only buffer cell usage. See the Clock Utilization Report (report_clock_utilization) for detailed accounting of global clocking resource availability.


7. ADVANCED
-----------

+-----------+------+-------+-----------+-------+
| Site Type | Used | Fixed | Available | Util% |
+-----------+------+-------+-----------+-------+
| PS8       |    0 |     0 |         1 |  0.00 |
| SYSMONE4  |    0 |     0 |         1 |  0.00 |
+-----------+------+-------+-----------+-------+


8. CONFIGURATION
----------------

+-------------+------+-------+-----------+-------+
|  Site Type  | Used | Fixed | Available | Util% |
+-------------+------+-------+-----------+-------+
| BSCANE2     |    0 |     0 |         4 |  0.00 |
| DNA_PORTE2  |    0 |     0 |         1 |  0.00 |
| EFUSE_USR   |    0 |     0 |         1 |  0.00 |
| FRAME_ECCE4 |    0 |     0 |         1 |  0.00 |
| ICAPE3      |    0 |     0 |         2 |  0.00 |
| MASTER_JTAG |    0 |     0 |         1 |  0.00 |
| STARTUPE3   |    0 |     0 |         1 |  0.00 |
+-------------+------+-------+-----------+-------+


9. Primitives
-------------

+----------+------+---------------------+
| Ref Name | Used | Functional Category |
+----------+------+---------------------+
| LUT6     | 1291 |                 CLB |
| FDCE     | 1164 |            Register |
| LUT2     |  709 |                 CLB |
| LUT4     |  278 |                 CLB |
| LUT5     |  269 |                 CLB |
| LUT3     |  205 |                 CLB |
| FDPE     |   65 |            Register |
| OBUF     |   33 |                 I/O |
| INBUF    |   12 |                 I/O |
| IBUFCTRL |   12 |              Others |
| BUFGCE   |    1 |               Clock |
+----------+------+---------------------+


10. Black Boxes
---------------

+----------+------+
| Ref Name | Used |
+----------+------+


11. Instantiated Netlists
-------------------------

+----------+------+
| Ref Name | Used |
+----------+------+


Copyright 1986-2020 Xilinx, Inc. All Rights Reserved.
-----------------------------------------------------------------------------------------
| Tool Version      : Vivado v.2020.2 (lin64) Build 3064766 Wed Nov 18 09:12:47 MST 2020
| Date              : Wed Dec 15 11:24:09 2021
| Host              : Jabberwock running 64-bit Ubuntu 18.04.4 LTS
| Command           : report_timing -file ./crc32_1024.rpt -append
| Design            : crc32_1024_top
| Device            : xczu3eg-sbva484
| Speed File        : -1  PRODUCTION 1.29 08-03-2020
| Temperature Grade : E
-----------------------------------------------------------------------------------------

Timing Report

Slack (MET) :             0.012ns  (required time - arrival time)
  Source:                 d_data_reg[953]/C
                            (rising edge-triggered cell FDCE clocked by CLK  {rise@0.000ns fall@1.400ns period=2.800ns})
  Destination:            CRCGEN/curr_crc_reg[21]/D
                            (rising edge-triggered cell FDPE clocked by CLK  {rise@0.000ns fall@1.400ns period=2.800ns})
  Path Group:             CLK
  Path Type:              Setup (Max at Slow Process Corner)
  Requirement:            2.800ns  (CLK rise@2.800ns - CLK rise@0.000ns)
  Data Path Delay:        2.682ns  (logic 0.818ns (30.500%)  route 1.864ns (69.500%))
  Logic Levels:           6  (LUT2=1 LUT3=1 LUT6=4)
  Clock Path Skew:        -0.097ns (DCD - SCD + CPR)
    Destination Clock Delay (DCD):    2.281ns = ( 5.081 - 2.800 ) 
    Source Clock Delay      (SCD):    2.822ns
    Clock Pessimism Removal (CPR):    0.444ns
  Clock Uncertainty:      0.035ns  ((TSJ^2 + TIJ^2)^1/2 + DJ) / 2 + PE
    Total System Jitter     (TSJ):    0.071ns
    Total Input Jitter      (TIJ):    0.000ns
    Discrete Jitter          (DJ):    0.000ns
    Phase Error              (PE):    0.000ns
  Clock Net Delay (Source):      1.932ns (routing 1.009ns, distribution 0.923ns)
  Clock Net Delay (Destination): 1.703ns (routing 0.917ns, distribution 0.786ns)

    Location             Delay type                Incr(ns)  Path(ns)    Netlist Resource(s)
  -------------------------------------------------------------------    -------------------
                         (clock CLK rise edge)        0.000     0.000 r  
    B2                                                0.000     0.000 r  CLK (IN)
                         net (fo=0)                   0.000     0.000    CLK_IBUF_inst/I
    B2                   INBUF (Prop_INBUF_HPIOB_M_PAD_O)
                                                      0.519     0.519 r  CLK_IBUF_inst/INBUF_INST/O
                         net (fo=1, routed)           0.000     0.519    CLK_IBUF_inst/OUT
    B2                   IBUFCTRL (Prop_IBUFCTRL_HPIOB_M_I_O)
                                                      0.000     0.519 r  CLK_IBUF_inst/IBUFCTRL_INST/O
                         net (fo=1, routed)           0.343     0.862    CLK_IBUF
    BUFGCE_X0Y62         BUFGCE (Prop_BUFCE_BUFGCE_I_O)
                                                      0.028     0.890 r  CLK_IBUF_BUFG_inst/O
    X1Y0 (CLOCK_ROOT)    net (fo=1229, routed)        1.932     2.822    CLK_IBUF_BUFG
    SLICE_X41Y33         FDCE                                         r  d_data_reg[953]/C
  -------------------------------------------------------------------    -------------------
    SLICE_X41Y33         FDCE (Prop_HFF_SLICEL_C_Q)
                                                      0.096     2.918 r  d_data_reg[953]/Q
                         net (fo=6, routed)           0.663     3.581    CRCGEN/Q[953]
    SLICE_X42Y22         LUT3 (Prop_F6LUT_SLICEM_I1_O)
                                                      0.098     3.679 r  CRCGEN/CRC[25]_i_50/O
                         net (fo=3, routed)           0.249     3.928    CRCGEN/CRC[25]_i_50_n_0
    SLICE_X42Y19         LUT6 (Prop_D6LUT_SLICEM_I1_O)
                                                      0.114     4.042 r  CRCGEN/CRC[29]_i_58/O
                         net (fo=5, routed)           0.412     4.454    CRCGEN/CRC[29]_i_58_n_0
    SLICE_X44Y12         LUT6 (Prop_A6LUT_SLICEL_I1_O)
                                                      0.178     4.632 r  CRCGEN/CRC[21]_i_18/O
                         net (fo=1, routed)           0.104     4.736    CRCGEN/CRC[21]_i_18_n_0
    SLICE_X44Y11         LUT6 (Prop_C6LUT_SLICEL_I5_O)
                                                      0.038     4.774 r  CRCGEN/CRC[21]_i_4/O
                         net (fo=1, routed)           0.328     5.102    CRCGEN/CRC[21]_i_4_n_0
    SLICE_X46Y19         LUT6 (Prop_G6LUT_SLICEL_I2_O)
                                                      0.178     5.280 r  CRCGEN/CRC[21]_i_1/O
                         net (fo=2, routed)           0.054     5.334    CRCGEN/next_crc[21]
    SLICE_X46Y19         LUT2 (Prop_E6LUT_SLICEL_I0_O)
                                                      0.116     5.450 r  CRCGEN/curr_crc[21]_i_1/O
                         net (fo=1, routed)           0.054     5.504    CRCGEN/p_0_in[21]
    SLICE_X46Y19         FDPE                                         r  CRCGEN/curr_crc_reg[21]/D
  -------------------------------------------------------------------    -------------------

                         (clock CLK rise edge)        2.800     2.800 r  
    B2                                                0.000     2.800 r  CLK (IN)
                         net (fo=0)                   0.000     2.800    CLK_IBUF_inst/I
    B2                   INBUF (Prop_INBUF_HPIOB_M_PAD_O)
                                                      0.252     3.052 r  CLK_IBUF_inst/INBUF_INST/O
                         net (fo=1, routed)           0.000     3.052    CLK_IBUF_inst/OUT
    B2                   IBUFCTRL (Prop_IBUFCTRL_HPIOB_M_I_O)
                                                      0.000     3.052 r  CLK_IBUF_inst/IBUFCTRL_INST/O
                         net (fo=1, routed)           0.302     3.354    CLK_IBUF
    BUFGCE_X0Y62         BUFGCE (Prop_BUFCE_BUFGCE_I_O)
                                                      0.024     3.378 r  CLK_IBUF_BUFG_inst/O
    X1Y0 (CLOCK_ROOT)    net (fo=1229, routed)        1.703     5.081    CRCGEN/CLK
    SLICE_X46Y19         FDPE                                         r  CRCGEN/curr_crc_reg[21]/C
                         clock pessimism              0.444     5.524    
                         clock uncertainty           -0.035     5.489    
    SLICE_X46Y19         FDPE (Setup_EFF_SLICEL_C_D)
                                                      0.027     5.516    CRCGEN/curr_crc_reg[21]
  -------------------------------------------------------------------
                         required time                          5.516    
                         arrival time                          -5.504    
  -------------------------------------------------------------------
                         slack                                  0.012    




