Copyright 1986-2020 Xilinx, Inc. All Rights Reserved.
------------------------------------------------------------------------------------
| Tool Version : Vivado v.2020.2 (lin64) Build 3064766 Wed Nov 18 09:12:47 MST 2020
| Date         : Wed Dec 22 21:42:30 2021
| Host         : Jabberwock running 64-bit Ubuntu 18.04.4 LTS
| Command      : report_utilization -file ./crc32_1024.rpt
| Design       : crc32_1024_top
| Device       : xczu3egsbva484-1
| Design State : Routed
------------------------------------------------------------------------------------

Utilization Design Information

Table of Contents
-----------------
1. CLB Logic
1.1 Summary of Registers by Type
2. CLB Logic Distribution
3. BLOCKRAM
4. ARITHMETIC
5. I/O
6. CLOCK
7. ADVANCED
8. CONFIGURATION
9. Primitives
10. Black Boxes
11. Instantiated Netlists

1. CLB Logic
------------

+-------------------------+------+-------+-----------+-------+
|        Site Type        | Used | Fixed | Available | Util% |
+-------------------------+------+-------+-----------+-------+
| CLB LUTs                | 2522 |     0 |     70560 |  3.57 |
|   LUT as Logic          | 2522 |     0 |     70560 |  3.57 |
|   LUT as Memory         |    0 |     0 |     28800 |  0.00 |
| CLB Registers           | 1229 |     0 |    141120 |  0.87 |
|   Register as Flip Flop | 1229 |     0 |    141120 |  0.87 |
|   Register as Latch     |    0 |     0 |    141120 |  0.00 |
| CARRY8                  |    0 |     0 |      8820 |  0.00 |
| F7 Muxes                |    0 |     0 |     35280 |  0.00 |
| F8 Muxes                |    0 |     0 |     17640 |  0.00 |
| F9 Muxes                |    0 |     0 |      8820 |  0.00 |
+-------------------------+------+-------+-----------+-------+


1.1 Summary of Registers by Type
--------------------------------

+-------+--------------+-------------+--------------+
| Total | Clock Enable | Synchronous | Asynchronous |
+-------+--------------+-------------+--------------+
| 0     |            _ |           - |            - |
| 0     |            _ |           - |          Set |
| 0     |            _ |           - |        Reset |
| 0     |            _ |         Set |            - |
| 0     |            _ |       Reset |            - |
| 0     |          Yes |           - |            - |
| 65    |          Yes |           - |          Set |
| 1164  |          Yes |           - |        Reset |
| 0     |          Yes |         Set |            - |
| 0     |          Yes |       Reset |            - |
+-------+--------------+-------------+--------------+


2. CLB Logic Distribution
-------------------------

+--------------------------------------------+------+-------+-----------+-------+
|                  Site Type                 | Used | Fixed | Available | Util% |
+--------------------------------------------+------+-------+-----------+-------+
| CLB                                        |  363 |     0 |      8820 |  4.12 |
|   CLBL                                     |  159 |     0 |           |       |
|   CLBM                                     |  204 |     0 |           |       |
| LUT as Logic                               | 2522 |     0 |     70560 |  3.57 |
|   using O5 output only                     |    3 |       |           |       |
|   using O6 output only                     | 2053 |       |           |       |
|   using O5 and O6                          |  466 |       |           |       |
| LUT as Memory                              |    0 |     0 |     28800 |  0.00 |
|   LUT as Distributed RAM                   |    0 |     0 |           |       |
|   LUT as Shift Register                    |    0 |     0 |           |       |
| CLB Registers                              | 1229 |     0 |    141120 |  0.87 |
|   Register driven from within the CLB      |  192 |       |           |       |
|   Register driven from outside the CLB     | 1037 |       |           |       |
|     LUT in front of the register is unused |   24 |       |           |       |
|     LUT in front of the register is used   | 1013 |       |           |       |
| Unique Control Sets                        |  131 |       |     17640 |  0.74 |
+--------------------------------------------+------+-------+-----------+-------+
* * Note: Available Control Sets calculated as Slices * 2, Review the Control Sets Report for more information regarding control sets.


3. BLOCKRAM
-----------

+----------------+------+-------+-----------+-------+
|    Site Type   | Used | Fixed | Available | Util% |
+----------------+------+-------+-----------+-------+
| Block RAM Tile |    0 |     0 |       216 |  0.00 |
|   RAMB36/FIFO* |    0 |     0 |       216 |  0.00 |
|   RAMB18       |    0 |     0 |       432 |  0.00 |
+----------------+------+-------+-----------+-------+
* Note: Each Block RAM Tile only has one FIFO logic available and therefore can accommodate only one FIFO36E2 or one FIFO18E2. However, if a FIFO18E2 occupies a Block RAM Tile, that tile can still accommodate a RAMB18E2


4. ARITHMETIC
-------------

+-----------+------+-------+-----------+-------+
| Site Type | Used | Fixed | Available | Util% |
+-----------+------+-------+-----------+-------+
| DSPs      |    0 |     0 |       360 |  0.00 |
+-----------+------+-------+-----------+-------+


5. I/O
------

+------------------+------+-------+-----------+-------+
|     Site Type    | Used | Fixed | Available | Util% |
+------------------+------+-------+-----------+-------+
| Bonded IOB       |   45 |     0 |        82 | 54.88 |
| HPIOB_M          |   22 |     0 |        26 | 84.62 |
|   INPUT          |    5 |       |           |       |
|   OUTPUT         |   17 |       |           |       |
|   BIDIR          |    0 |       |           |       |
| HPIOB_S          |   22 |     0 |        26 | 84.62 |
|   INPUT          |    6 |       |           |       |
|   OUTPUT         |   16 |       |           |       |
|   BIDIR          |    0 |       |           |       |
| HDIOB_M          |    0 |     0 |        12 |  0.00 |
| HDIOB_S          |    0 |     0 |        12 |  0.00 |
| HPIOB_SNGL       |    1 |     0 |         6 | 16.67 |
|   INPUT          |    1 |       |           |       |
|   OUTPUT         |    0 |       |           |       |
|   BIDIR          |    0 |       |           |       |
| HPIOBDIFFINBUF   |    0 |     0 |        72 |  0.00 |
| HPIOBDIFFOUTBUF  |    0 |     0 |        72 |  0.00 |
| HDIOBDIFFINBUF   |    0 |     0 |        48 |  0.00 |
| BITSLICE_CONTROL |    0 |     0 |        24 |  0.00 |
| BITSLICE_RX_TX   |    0 |     0 |       156 |  0.00 |
| BITSLICE_TX      |    0 |     0 |        24 |  0.00 |
| RIU_OR           |    0 |     0 |        12 |  0.00 |
+------------------+------+-------+-----------+-------+


6. CLOCK
--------

+----------------------+------+-------+-----------+-------+
|       Site Type      | Used | Fixed | Available | Util% |
+----------------------+------+-------+-----------+-------+
| GLOBAL CLOCK BUFFERs |    1 |     0 |       196 |  0.51 |
|   BUFGCE             |    1 |     0 |        88 |  1.14 |
|   BUFGCE_DIV         |    0 |     0 |        12 |  0.00 |
|   BUFG_PS            |    0 |     0 |        72 |  0.00 |
|   BUFGCTRL*          |    0 |     0 |        24 |  0.00 |
| PLL                  |    0 |     0 |         6 |  0.00 |
| MMCM                 |    0 |     0 |         3 |  0.00 |
+----------------------+------+-------+-----------+-------+
* Note: Each used BUFGCTRL counts as two GLOBAL CLOCK BUFFERs. This table does not include global clocking resources, only buffer cell usage. See the Clock Utilization Report (report_clock_utilization) for detailed accounting of global clocking resource availability.


7. ADVANCED
-----------

+-----------+------+-------+-----------+-------+
| Site Type | Used | Fixed | Available | Util% |
+-----------+------+-------+-----------+-------+
| PS8       |    0 |     0 |         1 |  0.00 |
| SYSMONE4  |    0 |     0 |         1 |  0.00 |
+-----------+------+-------+-----------+-------+


8. CONFIGURATION
----------------

+-------------+------+-------+-----------+-------+
|  Site Type  | Used | Fixed | Available | Util% |
+-------------+------+-------+-----------+-------+
| BSCANE2     |    0 |     0 |         4 |  0.00 |
| DNA_PORTE2  |    0 |     0 |         1 |  0.00 |
| EFUSE_USR   |    0 |     0 |         1 |  0.00 |
| FRAME_ECCE4 |    0 |     0 |         1 |  0.00 |
| ICAPE3      |    0 |     0 |         2 |  0.00 |
| MASTER_JTAG |    0 |     0 |         1 |  0.00 |
| STARTUPE3   |    0 |     0 |         1 |  0.00 |
+-------------+------+-------+-----------+-------+


9. Primitives
-------------

+----------+------+---------------------+
| Ref Name | Used | Functional Category |
+----------+------+---------------------+
| LUT6     | 1365 |                 CLB |
| FDCE     | 1164 |            Register |
| LUT2     |  791 |                 CLB |
| LUT4     |  365 |                 CLB |
| LUT5     |  277 |                 CLB |
| LUT3     |  190 |                 CLB |
| FDPE     |   65 |            Register |
| OBUF     |   33 |                 I/O |
| INBUF    |   12 |                 I/O |
| IBUFCTRL |   12 |              Others |
| BUFGCE   |    1 |               Clock |
+----------+------+---------------------+


10. Black Boxes
---------------

+----------+------+
| Ref Name | Used |
+----------+------+


11. Instantiated Netlists
-------------------------

+----------+------+
| Ref Name | Used |
+----------+------+


Copyright 1986-2020 Xilinx, Inc. All Rights Reserved.
-----------------------------------------------------------------------------------------
| Tool Version      : Vivado v.2020.2 (lin64) Build 3064766 Wed Nov 18 09:12:47 MST 2020
| Date              : Wed Dec 22 21:42:33 2021
| Host              : Jabberwock running 64-bit Ubuntu 18.04.4 LTS
| Command           : report_timing -file ./crc32_1024.rpt -append
| Design            : crc32_1024_top
| Device            : xczu3eg-sbva484
| Speed File        : -1  PRODUCTION 1.29 08-03-2020
| Temperature Grade : E
-----------------------------------------------------------------------------------------

Timing Report

Slack (MET) :             0.003ns  (required time - arrival time)
  Source:                 d_data_reg[251]/C
                            (rising edge-triggered cell FDCE clocked by CLK  {rise@0.000ns fall@1.410ns period=2.820ns})
  Destination:            CRCGEN/curr_crc_reg[17]/D
                            (rising edge-triggered cell FDPE clocked by CLK  {rise@0.000ns fall@1.410ns period=2.820ns})
  Path Group:             CLK
  Path Type:              Setup (Max at Slow Process Corner)
  Requirement:            2.820ns  (CLK rise@2.820ns - CLK rise@0.000ns)
  Data Path Delay:        2.703ns  (logic 0.677ns (25.046%)  route 2.026ns (74.954%))
  Logic Levels:           5  (LUT4=1 LUT5=2 LUT6=2)
  Clock Path Skew:        -0.105ns (DCD - SCD + CPR)
    Destination Clock Delay (DCD):    2.293ns = ( 5.113 - 2.820 ) 
    Source Clock Delay      (SCD):    2.842ns
    Clock Pessimism Removal (CPR):    0.443ns
  Clock Uncertainty:      0.035ns  ((TSJ^2 + TIJ^2)^1/2 + DJ) / 2 + PE
    Total System Jitter     (TSJ):    0.071ns
    Total Input Jitter      (TIJ):    0.000ns
    Discrete Jitter          (DJ):    0.000ns
    Phase Error              (PE):    0.000ns
  Clock Net Delay (Source):      1.952ns (routing 1.009ns, distribution 0.943ns)
  Clock Net Delay (Destination): 1.715ns (routing 0.917ns, distribution 0.798ns)

    Location             Delay type                Incr(ns)  Path(ns)    Netlist Resource(s)
  -------------------------------------------------------------------    -------------------
                         (clock CLK rise edge)        0.000     0.000 r  
    B2                                                0.000     0.000 r  CLK (IN)
                         net (fo=0)                   0.000     0.000    CLK_IBUF_inst/I
    B2                   INBUF (Prop_INBUF_HPIOB_M_PAD_O)
                                                      0.519     0.519 r  CLK_IBUF_inst/INBUF_INST/O
                         net (fo=1, routed)           0.000     0.519    CLK_IBUF_inst/OUT
    B2                   IBUFCTRL (Prop_IBUFCTRL_HPIOB_M_I_O)
                                                      0.000     0.519 r  CLK_IBUF_inst/IBUFCTRL_INST/O
                         net (fo=1, routed)           0.343     0.862    CLK_IBUF
    BUFGCE_X0Y62         BUFGCE (Prop_BUFCE_BUFGCE_I_O)
                                                      0.028     0.890 r  CLK_IBUF_BUFG_inst/O
    X1Y0 (CLOCK_ROOT)    net (fo=1229, routed)        1.952     2.842    CLK_IBUF_BUFG
    SLICE_X40Y51         FDCE                                         r  d_data_reg[251]/C
  -------------------------------------------------------------------    -------------------
    SLICE_X40Y51         FDCE (Prop_HFF_SLICEM_C_Q)
                                                      0.096     2.938 r  d_data_reg[251]/Q
                         net (fo=6, routed)           0.558     3.496    CRCGEN/Q[251]
    SLICE_X41Y53         LUT4 (Prop_B6LUT_SLICEL_I2_O)
                                                      0.177     3.673 r  CRCGEN/CRC[1]_i_5/O
                         net (fo=6, routed)           0.637     4.310    CRCGEN/CRC[1]_i_5_n_0
    SLICE_X47Y58         LUT5 (Prop_E6LUT_SLICEL_I4_O)
                                                      0.039     4.349 r  CRCGEN/curr_crc[22]_i_91/O
                         net (fo=2, routed)           0.212     4.561    CRCGEN/curr_crc[22]_i_91_n_0
    SLICE_X47Y53         LUT6 (Prop_G6LUT_SLICEL_I5_O)
                                                      0.178     4.739 r  CRCGEN/curr_crc[17]_i_25/O
                         net (fo=1, routed)           0.311     5.050    CRCGEN/curr_crc[17]_i_25_n_0
    SLICE_X45Y53         LUT5 (Prop_B6LUT_SLICEM_I3_O)
                                                      0.039     5.089 r  CRCGEN/curr_crc[17]_i_6/O
                         net (fo=2, routed)           0.230     5.319    CRCGEN/curr_crc[17]_i_6_n_0
    SLICE_X43Y50         LUT6 (Prop_F6LUT_SLICEM_I4_O)
                                                      0.148     5.467 r  CRCGEN/curr_crc[17]_i_1/O
                         net (fo=1, routed)           0.078     5.545    CRCGEN/p_0_in__0[17]
    SLICE_X43Y50         FDPE                                         r  CRCGEN/curr_crc_reg[17]/D
  -------------------------------------------------------------------    -------------------

                         (clock CLK rise edge)        2.820     2.820 r  
    B2                                                0.000     2.820 r  CLK (IN)
                         net (fo=0)                   0.000     2.820    CLK_IBUF_inst/I
    B2                   INBUF (Prop_INBUF_HPIOB_M_PAD_O)
                                                      0.252     3.072 r  CLK_IBUF_inst/INBUF_INST/O
                         net (fo=1, routed)           0.000     3.072    CLK_IBUF_inst/OUT
    B2                   IBUFCTRL (Prop_IBUFCTRL_HPIOB_M_I_O)
                                                      0.000     3.072 r  CLK_IBUF_inst/IBUFCTRL_INST/O
                         net (fo=1, routed)           0.302     3.374    CLK_IBUF
    BUFGCE_X0Y62         BUFGCE (Prop_BUFCE_BUFGCE_I_O)
                                                      0.024     3.398 r  CLK_IBUF_BUFG_inst/O
    X1Y0 (CLOCK_ROOT)    net (fo=1229, routed)        1.715     5.113    CRCGEN/CLK
    SLICE_X43Y50         FDPE                                         r  CRCGEN/curr_crc_reg[17]/C
                         clock pessimism              0.443     5.556    
                         clock uncertainty           -0.035     5.521    
    SLICE_X43Y50         FDPE (Setup_FFF_SLICEM_C_D)
                                                      0.027     5.548    CRCGEN/curr_crc_reg[17]
  -------------------------------------------------------------------
                         required time                          5.548    
                         arrival time                          -5.545    
  -------------------------------------------------------------------
                         slack                                  0.003    




